<?xml version="1.0" encoding="UTF-8"?>
<testsuite xmlns:xsi="http://www.w3.org/2001/XMLSchema-instance" xsi:noNamespaceSchemaLocation="https://maven.apache.org/surefire/maven-surefire-plugin/xsd/surefire-test-report.xsd" version="3.0.2" name="com.spring.docker.SpringbootDockerApplicationTests" time="3.158" tests="1" errors="0" skipped="0" failures="0">
  <properties>
[...]
</properties>
  <testcase name="contextLoads" classname="com.spring.docker.SpringbootDockerApplicationTests" time="0.863">
    <system-out><![CDATA[09:39:30.490 [main] INFO org.springframework.test.context.support.AnnotationConfigContextLoaderUtils -- Could not detect default configuration classes for test class [com.spring.docker.SpringbootDockerApplicationTests]: SpringbootDockerApplicationTests does not declare any static, non-private, non-final, nested classes annotated with @Configuration.
09:39:30.614 [main] INFO org.springframework.boot.test.context.SpringBootTestContextBootstrapper -- Found @SpringBootConfiguration com.spring.docker.SpringbootDockerApplication for test class com.spring.docker.SpringbootDockerApplicationTests
09:39:30.836 [main] INFO org.springframework.boot.devtools.restart.RestartApplicationListener -- Restart disabled due to context in which it is running

  .   ____          _            __ _ _
 /\\ / ___'_ __ _ _(_)_ __  __ _ \ \ \ \
( ( )\___ | '_ | '_| | '_ \/ _` | \ \ \ \
 \\/  ___)| |_)| | | | | || (_| |  ) ) ) )
  '  |____| .__|_| |_|_| |_\__, | / / / /
 =========|_|==============|___/=/_/_/_/

 :: Spring Boot ::                (v3.5.0)

2025-06-05T09:39:31.241+05:30  INFO 1788 --- [SpringbootDocker] [           main] c.s.d.SpringbootDockerApplicationTests   : Starting SpringbootDockerApplicationTests using Java 21.0.3 with PID 1788 (started by nani in D:\SpringBoot_Project\SpringbootDocker)
2025-06-05T09:39:31.242+05:30  INFO 1788 --- [SpringbootDocker] [           main] c.s.d.SpringbootDockerApplicationTests   : No active profile set, falling back to 1 default profile: "default"
2025-06-05T09:39:32.583+05:30  INFO 1788 --- [SpringbootDocker] [           main] c.s.d.SpringbootDockerApplicationTests   : Started SpringbootDockerApplicationTests in 1.762 seconds (process running for 3.047)
]]></system-out>
    <system-err><![CDATA[Mockito is currently self-attaching to enable the inline-mock-maker. This will no longer work in future releases of the JDK. Please add Mockito as an agent to your build as described in Mockito's documentation: https://javadoc.io/doc/org.mockito/mockito-core/latest/org.mockito/org/mockito/Mockito.html#0.3
WARNING: A Java agent has been loaded dynamically (C:\Users\nani\.m2\repository\net\bytebuddy\byte-buddy-agent\1.17.5\byte-buddy-agent-1.17.5.jar)
WARNING: If a serviceability tool is in use, please run with -XX:+EnableDynamicAgentLoading to hide this warning
WARNING: If a serviceability tool is not in use, please run with -Djdk.instrument.traceUsage for more information
WARNING: Dynamic loading of agents will be disallowed by default in a future release
]]></system-err>
  </testcase>
</testsuite>